2025-01-30 00:24:32.256 [info] Reading sessions from keychain...
2025-01-30 00:24:32.256 [info] Getting sessions for all scopes...
2025-01-30 00:24:32.256 [info] Getting sessions for all scopes...
2025-01-30 00:24:32.376 [info] Got 0 sessions for ...
2025-01-30 00:24:32.376 [info] Got 0 sessions for ...
2025-01-30 00:24:32.468 [info] Getting sessions for all scopes...
2025-01-30 00:24:32.468 [info] Got 0 sessions for ...
2025-01-30 00:24:32.469 [info] Getting sessions for all scopes...
2025-01-30 00:24:32.469 [info] Got 0 sessions for ...
2025-01-30 00:24:32.470 [info] Getting sessions for all scopes...
2025-01-30 00:24:32.470 [info] Got 0 sessions for ...
2025-01-30 00:24:32.471 [info] Getting sessions for all scopes...
2025-01-30 00:24:32.471 [info] Got 0 sessions for ...
2025-01-30 00:24:32.472 [info] Getting sessions for all scopes...
2025-01-30 00:24:32.473 [info] Got 0 sessions for ...
2025-01-30 00:24:33.194 [info] Getting sessions for all scopes...
2025-01-30 00:24:33.194 [info] Got 0 sessions for ...
2025-01-30 00:24:38.046 [info] Getting sessions for all scopes...
2025-01-30 00:24:38.047 [info] Got 0 sessions for ...
2025-01-30 00:25:27.244 [info] Reading sessions from keychain...
2025-01-30 00:25:27.247 [info] Getting sessions for all scopes...
2025-01-30 00:25:27.248 [info] Getting sessions for all scopes...
2025-01-30 00:25:27.249 [info] Getting sessions for all scopes...
2025-01-30 00:25:27.252 [info] Getting sessions for all scopes...
2025-01-30 00:25:27.252 [info] Getting sessions for all scopes...
2025-01-30 00:25:27.253 [info] Getting sessions for all scopes...
2025-01-30 00:25:27.253 [info] Getting sessions for all scopes...
2025-01-30 00:25:27.254 [info] Getting sessions for all scopes...
2025-01-30 00:25:27.296 [info] Got 0 sessions for ...
2025-01-30 00:25:27.296 [info] Got 0 sessions for ...
2025-01-30 00:25:27.296 [info] Got 0 sessions for ...
2025-01-30 00:25:27.297 [info] Got 0 sessions for ...
2025-01-30 00:25:27.297 [info] Got 0 sessions for ...
2025-01-30 00:25:27.297 [info] Got 0 sessions for ...
2025-01-30 00:25:27.297 [info] Got 0 sessions for ...
2025-01-30 00:25:27.297 [info] Got 0 sessions for ...
2025-01-30 00:25:32.439 [info] Getting sessions for all scopes...
2025-01-30 00:25:32.439 [info] Got 0 sessions for ...
2025-01-30 00:25:34.645 [info] Getting sessions for read:user,repo,user:email,workflow...
2025-01-30 00:25:34.646 [info] Got 0 sessions for read:user,repo,user:email,workflow...
