2025-01-30 00:24:27.597 [info] Added views:outline in workbench.view.explorer
2025-01-30 00:24:27.597 [info] Added views:workbench.view.search in workbench.view.search
2025-01-30 00:24:27.597 [info] Added views:workbench.scm in workbench.view.scm
2025-01-30 00:24:27.597 [info] Added views:workbench.panel.markers.view in workbench.panel.markers
2025-01-30 00:24:27.597 [info] Added views:workbench.panel.output in workbench.panel.output
2025-01-30 00:24:27.597 [info] Added views:terminal in terminal
2025-01-30 00:24:27.597 [info] Added views:timeline in workbench.view.explorer
2025-01-30 00:24:27.597 [info] Added views:workbench.explorer.emptyView in workbench.view.explorer
2025-01-30 00:24:30.357 [info] Added views:github-actions.empty-view in workbench.view.extension.github-actions
2025-01-30 00:24:30.360 [info] Added views:terraform.providers,terraform.modules in workbench.view.extension.terraform
2025-01-30 00:24:30.362 [info] Added views:terraform.cloud.workspaces,terraform.cloud.runs in workbench.view.extension.terraform-cloud
2025-01-30 00:24:30.365 [info] Added views:dockerContainers,dockerImages,dockerRegistries,dockerNetworks,dockerVolumes,vscode-docker.views.dockerContexts,vscode-docker.views.help in workbench.view.extension.dockerView
2025-01-30 00:24:30.368 [info] Added views:targetsContainers,devVolumes in workbench.view.remote
2025-01-30 00:24:30.370 [info] Added views:workspaceViewer in workbench.view.extension.workspaceViewer
2025-01-30 00:24:30.372 [info] Added views:mavenProjects in workbench.view.explorer
2025-01-30 00:24:31.332 [info] Added views:workbench.debug.variablesView,workbench.debug.watchExpressionsView,workbench.debug.callStackView,workbench.debug.breakPointsView in workbench.view.debug
2025-01-30 00:24:31.990 [info] Added views:workbench.panel.repl.view in workbench.panel.repl
2025-01-30 00:24:32.024 [info] Removed views:workbench.debug.breakPointsView,workbench.debug.callStackView,workbench.debug.watchExpressionsView,workbench.debug.variablesView from workbench.view.debug
2025-01-30 00:24:32.025 [info] Added views:workbench.debug.welcome in workbench.view.debug
2025-01-30 00:24:32.993 [info] Added views:~remote.forwardedPorts in ~remote.forwardedPortsContainer
2025-01-30 00:25:23.661 [info] Added views:outline in workbench.view.explorer
2025-01-30 00:25:23.662 [info] Added views:workbench.view.search in workbench.view.search
2025-01-30 00:25:23.662 [info] Added views:workbench.scm in workbench.view.scm
2025-01-30 00:25:23.662 [info] Added views:workbench.panel.markers.view in workbench.panel.markers
2025-01-30 00:25:23.662 [info] Added views:workbench.panel.output in workbench.panel.output
2025-01-30 00:25:23.662 [info] Added views:terminal in terminal
2025-01-30 00:25:23.662 [info] Added views:timeline in workbench.view.explorer
2025-01-30 00:25:23.662 [info] Added views:workbench.explorer.fileView in workbench.view.explorer
2025-01-30 00:25:25.427 [info] Added views:dockerContainers,dockerImages,dockerRegistries,dockerNetworks,dockerVolumes,vscode-docker.views.dockerContexts,vscode-docker.views.help in workbench.view.extension.dockerView
2025-01-30 00:25:25.438 [info] Added views:targetsContainers,devVolumes in workbench.view.remote
2025-01-30 00:25:26.066 [info] Added views:workbench.debug.variablesView,workbench.debug.watchExpressionsView,workbench.debug.callStackView,workbench.debug.breakPointsView in workbench.view.debug
2025-01-30 00:25:26.886 [info] Added views:workbench.panel.repl.view in workbench.panel.repl
2025-01-30 00:25:26.889 [info] Removed views:workbench.debug.breakPointsView,workbench.debug.callStackView,workbench.debug.watchExpressionsView,workbench.debug.variablesView from workbench.view.debug
2025-01-30 00:25:26.900 [info] Added views:workbench.debug.welcome in workbench.view.debug
2025-01-30 00:25:26.944 [info] Added views:~remote.forwardedPorts in ~remote.forwardedPortsContainer
2025-01-30 00:25:32.765 [info] Added views:github-actions.empty-view in workbench.view.extension.github-actions
2025-01-30 00:25:32.767 [info] Added views:terraform.providers,terraform.modules in workbench.view.extension.terraform
2025-01-30 00:25:32.770 [info] Added views:terraform.cloud.workspaces,terraform.cloud.runs in workbench.view.extension.terraform-cloud
2025-01-30 00:25:32.773 [info] Added views:workspaceViewer in workbench.view.extension.workspaceViewer
2025-01-30 00:25:34.394 [info] Added views:workbench.scm.history in workbench.view.scm
